<?xml version="1.0" encoding="UTF-8"?>
<!-- Generated by org.testng.reporters.JUnitReportReporter -->
<testsuite hostname="DESKTOP-EVTB58C" failures="0" tests="1" name="entrata.homepagetest" time="14.387" errors="0" timestamp="2024-02-07T02:58:04 IST" skipped="0">
  <testcase classname="entrata.homepagetest" name="verifyLogo" time="14.387"/>
  <system-out/>
</testsuite> <!-- entrata.homepagetest -->
