<?xml version="1.0" encoding="UTF-8"?>
<!-- Generated by org.testng.reporters.JUnitReportReporter -->
<testsuite hostname="DESKTOP-EVTB58C" failures="0" tests="1" name="entrata.residentaltest" time="37.797" errors="0" timestamp="2024-02-07T00:43:54 IST" skipped="0">
  <testcase classname="entrata.residentaltest" name="pageurlresi" time="37.797"/>
  <system-out/>
</testsuite> <!-- entrata.residentaltest -->
