<?xml version="1.0" encoding="UTF-8"?>
<!-- Generated by org.testng.reporters.JUnitReportReporter -->
<testsuite hostname="DESKTOP-EVTB58C" failures="0" tests="2" name="entrata.demotest" time="41.845" errors="0" timestamp="2024-02-07T02:58:04 IST" skipped="0">
  <testcase classname="entrata.demotest" name="displaybutonwatchdemo" time="30.198"/>
  <system-out/>
  <testcase classname="entrata.demotest" name="demotesttitle" time="11.647"/>
  <system-out/>
</testsuite> <!-- entrata.demotest -->
