<?xml version="1.0" encoding="UTF-8"?>
<!-- Generated by org.testng.reporters.JUnitReportReporter -->
<testsuite hostname="DESKTOP-EVTB58C" failures="0" tests="1" name="entrata.SignInTest" time="20.050" errors="0" timestamp="2024-02-07T00:24:29 IST" skipped="0">
  <testcase classname="entrata.SignInTest" name="propertybuttontest" time="20.050"/>
  <system-out/>
</testsuite> <!-- entrata.SignInTest -->
