<?xml version="1.0" encoding="UTF-8"?>
<!-- Generated by org.testng.reporters.JUnitReportReporter -->
<testsuite hostname="DESKTOP-EVTB58C" failures="0" tests="2" name="entrata.SignInTest" time="38.568" errors="0" timestamp="2024-02-07T02:58:04 IST" skipped="0">
  <testcase classname="entrata.SignInTest" name="residentbuttontest" time="30.148"/>
  <system-out/>
  <testcase classname="entrata.SignInTest" name="propertybuttontest" time="8.420"/>
  <system-out/>
</testsuite> <!-- entrata.SignInTest -->
