<?xml version="1.0" encoding="UTF-8"?>
<!-- Generated by org.testng.reporters.JUnitReportReporter -->
<testsuite hostname="DESKTOP-EVTB58C" failures="0" tests="1" name="com.mystore.testcases.AccountCreationTest" time="33.958" errors="0" timestamp="2024-01-27T23:52:08 IST" skipped="0">
  <testcase classname="com.mystore.testcases.AccountCreationTest" name="verifycreateaccountpage" time="33.958"/>
  <system-out/>
</testsuite> <!-- com.mystore.testcases.AccountCreationTest -->
