<?xml version="1.0" encoding="UTF-8"?>
<!-- Generated by org.testng.reporters.JUnitReportReporter -->
<testsuite hostname="DESKTOP-EVTB58C" failures="0" tests="2" name="com.mystore.testcases.IndexPageTest" time="25.812" errors="0" timestamp="2024-01-27T18:37:53 IST" skipped="0">
  <testcase classname="com.mystore.testcases.IndexPageTest" name="verifyLogo" time="15.283"/>
  <system-out/>
  <testcase classname="com.mystore.testcases.IndexPageTest" name="verifyTitle" time="10.529"/>
  <system-out/>
</testsuite> <!-- com.mystore.testcases.IndexPageTest -->
