<?xml version="1.0" encoding="UTF-8"?>
<!-- Generated by org.testng.reporters.JUnitReportReporter -->
<testsuite hostname="DESKTOP-EVTB58C" failures="0" tests="2" name="com.mystore.testcases.HomePageTest" time="50.836" errors="0" timestamp="2024-01-27T19:51:25 IST" skipped="0">
  <testcase classname="com.mystore.testcases.HomePageTest" name="creditslipdisplayed" time="27.191"/>
  <system-out/>
  <testcase classname="com.mystore.testcases.HomePageTest" name="myorderhistory" time="23.645"/>
  <system-out/>
</testsuite> <!-- com.mystore.testcases.HomePageTest -->
