<?xml version="1.0" encoding="UTF-8"?>
<!-- Generated by org.testng.reporters.JUnitReportReporter -->
<testsuite hostname="DESKTOP-EVTB58C" failures="0" tests="1" name="com.mystore.testcases.End2EndTest" time="498.594" errors="0" timestamp="2024-01-28T14:01:32 IST" skipped="0">
  <testcase classname="com.mystore.testcases.End2EndTest" name="endtoendtest" time="498.594"/>
  <system-out/>
</testsuite> <!-- com.mystore.testcases.End2EndTest -->
