<?xml version="1.0" encoding="UTF-8"?>
<!-- Generated by org.testng.reporters.JUnitReportReporter -->
<testsuite hostname="DESKTOP-EVTB58C" failures="0" tests="1" name="com.mystore.testcases.AddTocartpageTest" time="62.194" errors="0" timestamp="2024-01-28T01:50:34 IST" skipped="0">
  <testcase classname="com.mystore.testcases.AddTocartpageTest" name="addtocart" time="62.194"/>
  <system-out/>
</testsuite> <!-- com.mystore.testcases.AddTocartpageTest -->
