<?xml version="1.0" encoding="UTF-8"?>
<!-- Generated by org.testng.reporters.JUnitReportReporter -->
<testsuite hostname="DESKTOP-EVTB58C" failures="0" tests="1" name="com.mystore.testcases.orderpageTest" time="74.758" errors="0" timestamp="2024-01-28T02:25:16 IST" skipped="0">
  <testcase classname="com.mystore.testcases.orderpageTest" name="verifytotalprice" time="74.758"/>
  <system-out/>
</testsuite> <!-- com.mystore.testcases.orderpageTest -->
