<?xml version="1.0" encoding="UTF-8"?>
<!-- Generated by org.testng.reporters.JUnitReportReporter -->
<testsuite hostname="DESKTOP-EVTB58C" failures="0" tests="1" name="com.mystore.testcases.SearchResultPageTest" time="26.248" errors="0" timestamp="2024-01-27T23:54:03 IST" skipped="0">
  <testcase classname="com.mystore.testcases.SearchResultPageTest" name="productavailabilitytest" time="26.248"/>
  <system-out/>
</testsuite> <!-- com.mystore.testcases.SearchResultPageTest -->
